<?xml version="1.0" encoding="UTF-8"?>
<!-- Generated by org.testng.reporters.JUnitReportReporter -->
<testsuite hostname="DESKTOP-LKA9B6H" failures="0" tests="1" name="practice.To_Lunch_Amazon" time="0.014" errors="0" timestamp="2023-07-28T11:10:43 IST" skipped="0">
  <testcase classname="practice.To_Lunch_Amazon" name="m1" time="0.014"/>
  <system-out/>
</testsuite> <!-- practice.To_Lunch_Amazon -->
